Using pre-set license

 COMMAND LINE ARGUMENTS:
/Applications/Unity/Hub/Editor/2020.3.12f1/Unity.app/Contents/MacOS/Unity
-adb2
-batchMode
-noUpm
-name
AssetImportWorker0
-projectPath
/Users/aluhrs/git/Co-Located_MobileAR/Co-Located_MobileAR
-logFile
Logs/AssetImportWorker0.log
-srvPort
59072
Successfully changed project path to: /Users/aluhrs/git/Co-Located_MobileAR/Co-Located_MobileAR
/Users/aluhrs/git/Co-Located_MobileAR/Co-Located_MobileAR
Using Asset Import Pipeline V2.
Refreshing native plugins compatible for Editor in 42.04 ms, found 2 plugins.
Preloading 0 native plugins for Editor in 0.00 ms.
Initialize engine version: 2020.3.12f1 (b3b2c6512326)
[Subsystems] Discovering subsystems at path /Applications/Unity/Hub/Editor/2020.3.12f1/Unity.app/Contents/Resources/UnitySubsystems
[Subsystems] Discovering subsystems at path /Users/aluhrs/git/Co-Located_MobileAR/Co-Located_MobileAR/Assets
GfxDevice: creating device client; threaded=0
2021-08-09 17:06:08.632 Unity[38142:458322] Color LCD preferred device: AMD Radeon Pro 555 (high power)
2021-08-09 17:06:08.632 Unity[38142:458322] Metal devices available: 2
2021-08-09 17:06:08.632 Unity[38142:458322] 0: AMD Radeon Pro 555 (high power)
2021-08-09 17:06:08.632 Unity[38142:458322] 1: Intel(R) HD Graphics 630 (low power)
2021-08-09 17:06:08.632 Unity[38142:458322] Using device AMD Radeon Pro 555 (high power)
Initializing Metal device caps: AMD Radeon Pro 555
Initialize mono
Mono path[0] = '/Applications/Unity/Hub/Editor/2020.3.12f1/Unity.app/Contents/Managed'
Mono path[1] = '/Applications/Unity/Hub/Editor/2020.3.12f1/Unity.app/Contents/MonoBleedingEdge/lib/mono/unityjit'
Mono config path = '/Applications/Unity/Hub/Editor/2020.3.12f1/Unity.app/Contents/MonoBleedingEdge/etc'
Using monoOptions --debugger-agent=transport=dt_socket,embedding=1,server=y,suspend=n,address=127.0.0.1:56142
Begin MonoManager ReloadAssembly
Registering precompiled unity dll's ...
Register platform support module: /Applications/Unity/Hub/Editor/2020.3.12f1/Unity.app/Contents/PlaybackEngines/MacStandaloneSupport/UnityEditor.OSXStandalone.Extensions.dll
Register platform support module: /Applications/Unity/Hub/Editor/2020.3.12f1/PlaybackEngines/LuminSupport/UnityEditor.Lumin.Extensions.dll
Registered in 0.004867 seconds.
Native extension for Lumin target not found
Native extension for OSXStandalone target not found
Refreshing native plugins compatible for Editor in 35.66 ms, found 2 plugins.
Preloading 0 native plugins for Editor in 0.00 ms.
Mono: successfully reloaded assembly
- Completed reload, in  6.181 seconds
Platform modules already initialized, skipping
Registering precompiled user dll's ...
Registered in 0.008032 seconds.
Begin MonoManager ReloadAssembly
Native extension for Lumin target not found
Native extension for OSXStandalone target not found
Refreshing native plugins compatible for Editor in 33.27 ms, found 2 plugins.
Preloading 0 native plugins for Editor in 0.00 ms.
Mono: successfully reloaded assembly
- Completed reload, in  1.479 seconds
Platform modules already initialized, skipping
========================================================================
Worker process is ready to serve import requests
Launching external process: /Applications/Unity/Hub/Editor/2020.3.12f1/Unity.app/Contents/Tools/UnityShaderCompiler
Launched and connected shader compiler UnityShaderCompiler after 0.02 seconds
Refreshing native plugins compatible for Editor in 0.41 ms, found 2 plugins.
Preloading 0 native plugins for Editor in 0.00 ms.
Unloading 1807 Unused Serialized files (Serialized files now loaded: 0)
System memory in use before: 155.7 MB.
System memory in use after: 155.7 MB.

Unloading 21 unused Assets to reduce memory usage. Loaded Objects now: 2240.
Total: 2.512580 ms (FindLiveObjects: 0.313816 ms CreateObjectMapping: 0.061818 ms MarkObjects: 2.022946 ms  DeleteObjects: 0.088711 ms)

AssetImportParameters requested are different than current active one (requested -> active):
  custom:video-decoder-ogg-theora: a1e56fd34408186e4bbccfd4996cb3dc -> 
  custom:container-muxer-webm: aa71ff27fc2769a1b78a27578f13a17b -> 
  custom:container-demuxer-webm: 4f35f7cbe854078d1ac9338744f61a02 -> 
  custom:container-demuxer-ogg: 62fdf1f143b41e24485cea50d1cbac27 -> 
  custom:video-encoder-webm-vp8: eb34c28f22e8b96e1ab97ce403110664 -> 
  custom:framework-osx-AVFoundation: e770b220cccbd017edd2c1fefb359320 -> 
  custom:video-decoder-webm-vp8: 9c59270c3fd7afecdb556c50c9e8de78 -> 
  custom:audio-decoder-ogg-vorbis: bf7c407c2cedff20999df2af8eb42d56 -> 
  custom:audio-encoder-webm-vorbis: bf7c407c2cedff20999df2af8eb42d56 -> 
========================================================================
Received Import Request.
  path: Assets/Prefabs
  artifactKey: Guid(d91983c32088040e98ccbe2c185d2b4d) Importer(815301076,1909f56bfc062723c751e8b465ee728b)
Start importing Assets/Prefabs using Guid(d91983c32088040e98ccbe2c185d2b4d) Importer(815301076,1909f56bfc062723c751e8b465ee728b)  -> (artifact id: '6090278f6ec08d908dd6be6654634d1a') in 0.005312 seconds 
  Import took 0.008035 seconds .

========================================================================
Received Import Request.
  Time since last request: 0.000318 seconds.
  path: Assets/Scenes
  artifactKey: Guid(1f83bd55b57024235ac98943e3b1bb07) Importer(815301076,1909f56bfc062723c751e8b465ee728b)
Start importing Assets/Scenes using Guid(1f83bd55b57024235ac98943e3b1bb07) Importer(815301076,1909f56bfc062723c751e8b465ee728b)  -> (artifact id: 'bdd4047316d675050a866428bd88bae1') in 0.001587 seconds 
  Import took 0.004122 seconds .

========================================================================
Received Import Request.
  Time since last request: 0.000171 seconds.
  path: Assets/Scenes/SampleScene.unity
  artifactKey: Guid(9fc0d4010bbf28b4594072e72b8655ab) Importer(815301076,1909f56bfc062723c751e8b465ee728b)
Start importing Assets/Scenes/SampleScene.unity using Guid(9fc0d4010bbf28b4594072e72b8655ab) Importer(815301076,1909f56bfc062723c751e8b465ee728b)  -> (artifact id: '85059f4f9e1a832ed95adaa0d25c5c4c') in 0.012227 seconds 
  Import took 0.015142 seconds .

========================================================================
Received Import Request.
  Time since last request: 9.242479 seconds.
  path: Assets/Scenes/MobileQR_Test.unity
  artifactKey: Guid(9fc0d4010bbf28b4594072e72b8655ab) Importer(815301076,1909f56bfc062723c751e8b465ee728b)
Start importing Assets/Scenes/MobileQR_Test.unity using Guid(9fc0d4010bbf28b4594072e72b8655ab) Importer(815301076,1909f56bfc062723c751e8b465ee728b)  -> (artifact id: '27d8dd33d6468a313115be88999505c2') in 0.002056 seconds 
  Import took 0.005353 seconds .

========================================================================
Received Prepare
Registering precompiled user dll's ...
Registered in 0.006269 seconds.
Begin MonoManager ReloadAssembly
Native extension for Lumin target not found
Native extension for OSXStandalone target not found
Refreshing native plugins compatible for Editor in 0.54 ms, found 2 plugins.
Preloading 0 native plugins for Editor in 0.00 ms.
Mono: successfully reloaded assembly
- Completed reload, in  1.451 seconds
Platform modules already initialized, skipping
Refreshing native plugins compatible for Editor in 0.49 ms, found 2 plugins.
Preloading 0 native plugins for Editor in 0.00 ms.
Unloading 1984 Unused Serialized files (Serialized files now loaded: 0)
System memory in use before: 165.2 MB.
System memory in use after: 165.3 MB.

Unloading 21 unused Assets to reduce memory usage. Loaded Objects now: 2429.
Total: 2.305679 ms (FindLiveObjects: 0.318394 ms CreateObjectMapping: 0.091862 ms MarkObjects: 1.821545 ms  DeleteObjects: 0.072997 ms)

AssetImportParameters requested are different than current active one (requested -> active):
  custom:video-decoder-ogg-theora: a1e56fd34408186e4bbccfd4996cb3dc -> 
  custom:container-muxer-webm: aa71ff27fc2769a1b78a27578f13a17b -> 
  custom:container-demuxer-webm: 4f35f7cbe854078d1ac9338744f61a02 -> 
  custom:container-demuxer-ogg: 62fdf1f143b41e24485cea50d1cbac27 -> 
  custom:video-encoder-webm-vp8: eb34c28f22e8b96e1ab97ce403110664 -> 
  custom:framework-osx-AVFoundation: e770b220cccbd017edd2c1fefb359320 -> 
  custom:video-decoder-webm-vp8: 9c59270c3fd7afecdb556c50c9e8de78 -> 
  custom:audio-decoder-ogg-vorbis: bf7c407c2cedff20999df2af8eb42d56 -> 
  custom:audio-encoder-webm-vorbis: bf7c407c2cedff20999df2af8eb42d56 -> 
========================================================================
Received Import Request.
  Time since last request: 53576.568702 seconds.
  path: Assets/Photon/PhotonUnityNetworking/Resources/PhotonServerSettings.asset
  artifactKey: Guid(3523770857c72440181f09774af7f8d6) Importer(815301076,1909f56bfc062723c751e8b465ee728b)
Start importing Assets/Photon/PhotonUnityNetworking/Resources/PhotonServerSettings.asset using Guid(3523770857c72440181f09774af7f8d6) Importer(815301076,1909f56bfc062723c751e8b465ee728b)  -> (artifact id: '14ba6f1abe8008be1eb3c4a5d786bfe6') in 1.357238 seconds 
  Import took 1.361491 seconds .

========================================================================
Received Import Request.
  Time since last request: 0.006347 seconds.
  path: Assets/Photon/PhotonUnityNetworking/Resources/PhotonServerSettings.asset
  artifactKey: Guid(3523770857c72440181f09774af7f8d6) Importer(815301076,1909f56bfc062723c751e8b465ee728b)
Start importing Assets/Photon/PhotonUnityNetworking/Resources/PhotonServerSettings.asset using Guid(3523770857c72440181f09774af7f8d6) Importer(815301076,1909f56bfc062723c751e8b465ee728b)  -> (artifact id: '14ba6f1abe8008be1eb3c4a5d786bfe6') in 0.003024 seconds 
  Import took 0.007432 seconds .

========================================================================
Received Import Request.
  Time since last request: 233.563994 seconds.
  path: Assets/Scenes/La.unity
  artifactKey: Guid(6966af059ce8b4cd59fa91be68bf42d5) Importer(815301076,1909f56bfc062723c751e8b465ee728b)
Start importing Assets/Scenes/La.unity using Guid(6966af059ce8b4cd59fa91be68bf42d5) Importer(815301076,1909f56bfc062723c751e8b465ee728b)  -> (artifact id: '6be10b7f91ffd65433e743c0b7991ab4') in 0.004711 seconds 
  Import took 0.008527 seconds .

========================================================================
Received Import Request.
  Time since last request: 16.542355 seconds.
  path: Assets/Scripts/Launcher.cs
  artifactKey: Guid(a373a70cce61d4cabb55230657facb07) Importer(815301076,1909f56bfc062723c751e8b465ee728b)
Start importing Assets/Scripts/Launcher.cs using Guid(a373a70cce61d4cabb55230657facb07) Importer(815301076,1909f56bfc062723c751e8b465ee728b)  -> (artifact id: 'd1c2982121fb8c82f9da281ad9f936b1') in 0.398445 seconds 
  Import took 0.402470 seconds .

========================================================================
Received Prepare
Registering precompiled user dll's ...
Registered in 0.007455 seconds.
Begin MonoManager ReloadAssembly
Native extension for Lumin target not found
Native extension for OSXStandalone target not found
Refreshing native plugins compatible for Editor in 0.61 ms, found 2 plugins.
Preloading 0 native plugins for Editor in 0.00 ms.
Mono: successfully reloaded assembly
- Completed reload, in  1.400 seconds
Platform modules already initialized, skipping
Refreshing native plugins compatible for Editor in 0.57 ms, found 2 plugins.
Preloading 0 native plugins for Editor in 0.00 ms.
Unloading 1985 Unused Serialized files (Serialized files now loaded: 0)
System memory in use before: 174.0 MB.
System memory in use after: 174.1 MB.

Unloading 21 unused Assets to reduce memory usage. Loaded Objects now: 2435.
Total: 2.206392 ms (FindLiveObjects: 0.227374 ms CreateObjectMapping: 0.088197 ms MarkObjects: 1.829877 ms  DeleteObjects: 0.059756 ms)

AssetImportParameters requested are different than current active one (requested -> active):
  custom:video-decoder-ogg-theora: a1e56fd34408186e4bbccfd4996cb3dc -> 
  custom:container-muxer-webm: aa71ff27fc2769a1b78a27578f13a17b -> 
  custom:container-demuxer-webm: 4f35f7cbe854078d1ac9338744f61a02 -> 
  custom:container-demuxer-ogg: 62fdf1f143b41e24485cea50d1cbac27 -> 
  custom:video-encoder-webm-vp8: eb34c28f22e8b96e1ab97ce403110664 -> 
  custom:framework-osx-AVFoundation: e770b220cccbd017edd2c1fefb359320 -> 
  custom:video-decoder-webm-vp8: 9c59270c3fd7afecdb556c50c9e8de78 -> 
  custom:audio-decoder-ogg-vorbis: bf7c407c2cedff20999df2af8eb42d56 -> 
  custom:audio-encoder-webm-vorbis: bf7c407c2cedff20999df2af8eb42d56 -> 
========================================================================
Received Prepare
Registering precompiled user dll's ...
Registered in 0.006743 seconds.
Begin MonoManager ReloadAssembly
Native extension for Lumin target not found
Native extension for OSXStandalone target not found
Refreshing native plugins compatible for Editor in 0.49 ms, found 2 plugins.
Preloading 0 native plugins for Editor in 0.00 ms.
Mono: successfully reloaded assembly
- Completed reload, in  1.323 seconds
Platform modules already initialized, skipping
Refreshing native plugins compatible for Editor in 0.54 ms, found 2 plugins.
Preloading 0 native plugins for Editor in 0.00 ms.
Unloading 1985 Unused Serialized files (Serialized files now loaded: 0)
System memory in use before: 174.2 MB.
System memory in use after: 174.3 MB.

Unloading 21 unused Assets to reduce memory usage. Loaded Objects now: 2440.
Total: 2.034684 ms (FindLiveObjects: 0.212395 ms CreateObjectMapping: 0.072114 ms MarkObjects: 1.691900 ms  DeleteObjects: 0.057519 ms)

AssetImportParameters requested are different than current active one (requested -> active):
  custom:video-decoder-ogg-theora: a1e56fd34408186e4bbccfd4996cb3dc -> 
  custom:container-muxer-webm: aa71ff27fc2769a1b78a27578f13a17b -> 
  custom:container-demuxer-webm: 4f35f7cbe854078d1ac9338744f61a02 -> 
  custom:container-demuxer-ogg: 62fdf1f143b41e24485cea50d1cbac27 -> 
  custom:video-encoder-webm-vp8: eb34c28f22e8b96e1ab97ce403110664 -> 
  custom:framework-osx-AVFoundation: e770b220cccbd017edd2c1fefb359320 -> 
  custom:video-decoder-webm-vp8: 9c59270c3fd7afecdb556c50c9e8de78 -> 
  custom:audio-decoder-ogg-vorbis: bf7c407c2cedff20999df2af8eb42d56 -> 
  custom:audio-encoder-webm-vorbis: bf7c407c2cedff20999df2af8eb42d56 -> 
========================================================================
Received Import Request.
  Time since last request: 1114.246047 seconds.
  path: Assets/Photon/PhotonUnityNetworking/Resources/PhotonServerSettings.asset
  artifactKey: Guid(3523770857c72440181f09774af7f8d6) Importer(815301076,1909f56bfc062723c751e8b465ee728b)
Start importing Assets/Photon/PhotonUnityNetworking/Resources/PhotonServerSettings.asset using Guid(3523770857c72440181f09774af7f8d6) Importer(815301076,1909f56bfc062723c751e8b465ee728b)  -> (artifact id: '9d2437f25c4d38e7a3307f9d812277ea') in 0.021113 seconds 
  Import took 0.025532 seconds .

========================================================================
Received Prepare
Registering precompiled user dll's ...
Registered in 0.011015 seconds.
Begin MonoManager ReloadAssembly
Native extension for Lumin target not found
Native extension for OSXStandalone target not found
Refreshing native plugins compatible for Editor in 0.75 ms, found 2 plugins.
Preloading 0 native plugins for Editor in 0.00 ms.
Mono: successfully reloaded assembly
- Completed reload, in  1.411 seconds
Platform modules already initialized, skipping
Refreshing native plugins compatible for Editor in 0.47 ms, found 2 plugins.
Preloading 0 native plugins for Editor in 0.00 ms.
Unloading 1985 Unused Serialized files (Serialized files now loaded: 0)
System memory in use before: 174.4 MB.
System memory in use after: 174.5 MB.

Unloading 21 unused Assets to reduce memory usage. Loaded Objects now: 2445.
Total: 1.996344 ms (FindLiveObjects: 0.227174 ms CreateObjectMapping: 0.072831 ms MarkObjects: 1.640426 ms  DeleteObjects: 0.055276 ms)

AssetImportParameters requested are different than current active one (requested -> active):
  custom:video-decoder-ogg-theora: a1e56fd34408186e4bbccfd4996cb3dc -> 
  custom:container-muxer-webm: aa71ff27fc2769a1b78a27578f13a17b -> 
  custom:container-demuxer-webm: 4f35f7cbe854078d1ac9338744f61a02 -> 
  custom:container-demuxer-ogg: 62fdf1f143b41e24485cea50d1cbac27 -> 
  custom:video-encoder-webm-vp8: eb34c28f22e8b96e1ab97ce403110664 -> 
  custom:framework-osx-AVFoundation: e770b220cccbd017edd2c1fefb359320 -> 
  custom:video-decoder-webm-vp8: 9c59270c3fd7afecdb556c50c9e8de78 -> 
  custom:audio-decoder-ogg-vorbis: bf7c407c2cedff20999df2af8eb42d56 -> 
  custom:audio-encoder-webm-vorbis: bf7c407c2cedff20999df2af8eb42d56 -> 
========================================================================
Received Prepare
Registering precompiled user dll's ...
Registered in 0.007473 seconds.
Begin MonoManager ReloadAssembly
Native extension for Lumin target not found
Native extension for OSXStandalone target not found
Refreshing native plugins compatible for Editor in 0.61 ms, found 2 plugins.
Preloading 0 native plugins for Editor in 0.00 ms.
Mono: successfully reloaded assembly
- Completed reload, in  1.284 seconds
Platform modules already initialized, skipping
Refreshing native plugins compatible for Editor in 0.53 ms, found 2 plugins.
Preloading 0 native plugins for Editor in 0.00 ms.
Unloading 1985 Unused Serialized files (Serialized files now loaded: 0)
System memory in use before: 174.7 MB.
System memory in use after: 174.7 MB.

Unloading 21 unused Assets to reduce memory usage. Loaded Objects now: 2450.
Total: 2.478306 ms (FindLiveObjects: 0.300602 ms CreateObjectMapping: 0.155355 ms MarkObjects: 1.954965 ms  DeleteObjects: 0.066329 ms)

AssetImportParameters requested are different than current active one (requested -> active):
  custom:video-decoder-ogg-theora: a1e56fd34408186e4bbccfd4996cb3dc -> 
  custom:container-muxer-webm: aa71ff27fc2769a1b78a27578f13a17b -> 
  custom:container-demuxer-webm: 4f35f7cbe854078d1ac9338744f61a02 -> 
  custom:container-demuxer-ogg: 62fdf1f143b41e24485cea50d1cbac27 -> 
  custom:video-encoder-webm-vp8: eb34c28f22e8b96e1ab97ce403110664 -> 
  custom:framework-osx-AVFoundation: e770b220cccbd017edd2c1fefb359320 -> 
  custom:video-decoder-webm-vp8: 9c59270c3fd7afecdb556c50c9e8de78 -> 
  custom:audio-decoder-ogg-vorbis: bf7c407c2cedff20999df2af8eb42d56 -> 
  custom:audio-encoder-webm-vorbis: bf7c407c2cedff20999df2af8eb42d56 -> 
========================================================================
Received Prepare
Registering precompiled user dll's ...
Registered in 0.008514 seconds.
Begin MonoManager ReloadAssembly
Native extension for Lumin target not found
Native extension for OSXStandalone target not found
Refreshing native plugins compatible for Editor in 0.54 ms, found 2 plugins.
Preloading 0 native plugins for Editor in 0.00 ms.
Mono: successfully reloaded assembly
- Completed reload, in  1.341 seconds
Platform modules already initialized, skipping
Refreshing native plugins compatible for Editor in 0.48 ms, found 2 plugins.
Preloading 0 native plugins for Editor in 0.00 ms.
Unloading 1985 Unused Serialized files (Serialized files now loaded: 0)
System memory in use before: 174.9 MB.
System memory in use after: 174.9 MB.

Unloading 21 unused Assets to reduce memory usage. Loaded Objects now: 2455.
Total: 2.023953 ms (FindLiveObjects: 0.220633 ms CreateObjectMapping: 0.072334 ms MarkObjects: 1.672681 ms  DeleteObjects: 0.057498 ms)

AssetImportParameters requested are different than current active one (requested -> active):
  custom:video-decoder-ogg-theora: a1e56fd34408186e4bbccfd4996cb3dc -> 
  custom:container-muxer-webm: aa71ff27fc2769a1b78a27578f13a17b -> 
  custom:container-demuxer-webm: 4f35f7cbe854078d1ac9338744f61a02 -> 
  custom:container-demuxer-ogg: 62fdf1f143b41e24485cea50d1cbac27 -> 
  custom:video-encoder-webm-vp8: eb34c28f22e8b96e1ab97ce403110664 -> 
  custom:framework-osx-AVFoundation: e770b220cccbd017edd2c1fefb359320 -> 
  custom:video-decoder-webm-vp8: 9c59270c3fd7afecdb556c50c9e8de78 -> 
  custom:audio-decoder-ogg-vorbis: bf7c407c2cedff20999df2af8eb42d56 -> 
  custom:audio-encoder-webm-vorbis: bf7c407c2cedff20999df2af8eb42d56 -> 
========================================================================
Received Prepare
Registering precompiled user dll's ...
Registered in 0.005424 seconds.
Begin MonoManager ReloadAssembly
Native extension for Lumin target not found
Native extension for OSXStandalone target not found
Refreshing native plugins compatible for Editor in 0.54 ms, found 2 plugins.
Preloading 0 native plugins for Editor in 0.00 ms.
Mono: successfully reloaded assembly
- Completed reload, in  1.623 seconds
Platform modules already initialized, skipping
Refreshing native plugins compatible for Editor in 0.77 ms, found 2 plugins.
Preloading 0 native plugins for Editor in 0.00 ms.
Unloading 1985 Unused Serialized files (Serialized files now loaded: 0)
System memory in use before: 175.0 MB.
System memory in use after: 175.1 MB.

Unloading 21 unused Assets to reduce memory usage. Loaded Objects now: 2460.
Total: 3.517794 ms (FindLiveObjects: 0.364279 ms CreateObjectMapping: 0.102626 ms MarkObjects: 2.954760 ms  DeleteObjects: 0.094773 ms)

AssetImportParameters requested are different than current active one (requested -> active):
  custom:video-decoder-ogg-theora: a1e56fd34408186e4bbccfd4996cb3dc -> 
  custom:container-muxer-webm: aa71ff27fc2769a1b78a27578f13a17b -> 
  custom:container-demuxer-webm: 4f35f7cbe854078d1ac9338744f61a02 -> 
  custom:container-demuxer-ogg: 62fdf1f143b41e24485cea50d1cbac27 -> 
  custom:video-encoder-webm-vp8: eb34c28f22e8b96e1ab97ce403110664 -> 
  custom:framework-osx-AVFoundation: e770b220cccbd017edd2c1fefb359320 -> 
  custom:video-decoder-webm-vp8: 9c59270c3fd7afecdb556c50c9e8de78 -> 
  custom:audio-decoder-ogg-vorbis: bf7c407c2cedff20999df2af8eb42d56 -> 
  custom:audio-encoder-webm-vorbis: bf7c407c2cedff20999df2af8eb42d56 -> 
========================================================================
Received Import Request.
  Time since last request: 1257.718348 seconds.
  path: Assets/Resources
  artifactKey: Guid(8aad74f14a8354c43a6664e4a53e0742) Importer(815301076,1909f56bfc062723c751e8b465ee728b)
Start importing Assets/Resources using Guid(8aad74f14a8354c43a6664e4a53e0742) Importer(815301076,1909f56bfc062723c751e8b465ee728b)  -> (artifact id: '282bd43b3e007fb5208ecb849fa0759d') in 0.005899 seconds 
  Import took 0.010641 seconds .

========================================================================
Received Import Request.
  Time since last request: 0.008234 seconds.
  path: Assets/Resources
  artifactKey: Guid(8aad74f14a8354c43a6664e4a53e0742) Importer(815301076,1909f56bfc062723c751e8b465ee728b)
Start importing Assets/Resources using Guid(8aad74f14a8354c43a6664e4a53e0742) Importer(815301076,1909f56bfc062723c751e8b465ee728b)  -> (artifact id: '282bd43b3e007fb5208ecb849fa0759d') in 0.002507 seconds 
  Import took 0.007027 seconds .

========================================================================
Received Import Request.
  Time since last request: 139.692739 seconds.
  path: Assets/Resources/ClientPrefab.prefab
  artifactKey: Guid(382b0306863164ae69f53d168117a1fd) Importer(815301076,1909f56bfc062723c751e8b465ee728b)
Start importing Assets/Resources/ClientPrefab.prefab using Guid(382b0306863164ae69f53d168117a1fd) Importer(815301076,1909f56bfc062723c751e8b465ee728b)  -> (artifact id: 'd8cea66de21d737be935eb97e13506a8') in 0.951831 seconds 
  Import took 0.955598 seconds .

========================================================================
Received Prepare
Registering precompiled user dll's ...
Registered in 0.014636 seconds.
Begin MonoManager ReloadAssembly
Native extension for Lumin target not found
Native extension for OSXStandalone target not found
Refreshing native plugins compatible for Editor in 0.55 ms, found 2 plugins.
Preloading 0 native plugins for Editor in 0.00 ms.
Mono: successfully reloaded assembly
- Completed reload, in  1.449 seconds
Platform modules already initialized, skipping
Refreshing native plugins compatible for Editor in 0.49 ms, found 2 plugins.
Preloading 0 native plugins for Editor in 0.00 ms.
Unloading 1985 Unused Serialized files (Serialized files now loaded: 0)
System memory in use before: 182.9 MB.
System memory in use after: 183.0 MB.

Unloading 22 unused Assets to reduce memory usage. Loaded Objects now: 2473.
Total: 2.149513 ms (FindLiveObjects: 0.231928 ms CreateObjectMapping: 0.070794 ms MarkObjects: 1.785748 ms  DeleteObjects: 0.060089 ms)

AssetImportParameters requested are different than current active one (requested -> active):
  custom:video-decoder-ogg-theora: a1e56fd34408186e4bbccfd4996cb3dc -> 
  custom:container-muxer-webm: aa71ff27fc2769a1b78a27578f13a17b -> 
  custom:container-demuxer-webm: 4f35f7cbe854078d1ac9338744f61a02 -> 
  custom:container-demuxer-ogg: 62fdf1f143b41e24485cea50d1cbac27 -> 
  custom:video-encoder-webm-vp8: eb34c28f22e8b96e1ab97ce403110664 -> 
  custom:framework-osx-AVFoundation: e770b220cccbd017edd2c1fefb359320 -> 
  custom:video-decoder-webm-vp8: 9c59270c3fd7afecdb556c50c9e8de78 -> 
  custom:audio-decoder-ogg-vorbis: bf7c407c2cedff20999df2af8eb42d56 -> 
  custom:audio-encoder-webm-vorbis: bf7c407c2cedff20999df2af8eb42d56 -> 
========================================================================
Received Prepare
Registering precompiled user dll's ...
Registered in 0.005207 seconds.
Begin MonoManager ReloadAssembly
Native extension for Lumin target not found
Native extension for OSXStandalone target not found
Refreshing native plugins compatible for Editor in 0.57 ms, found 2 plugins.
Preloading 0 native plugins for Editor in 0.00 ms.
Mono: successfully reloaded assembly
- Completed reload, in  1.485 seconds
Platform modules already initialized, skipping
Refreshing native plugins compatible for Editor in 0.53 ms, found 2 plugins.
Preloading 0 native plugins for Editor in 0.00 ms.
Unloading 1985 Unused Serialized files (Serialized files now loaded: 0)
System memory in use before: 183.1 MB.
System memory in use after: 183.2 MB.

Unloading 21 unused Assets to reduce memory usage. Loaded Objects now: 2478.
Total: 2.740202 ms (FindLiveObjects: 0.304364 ms CreateObjectMapping: 0.106643 ms MarkObjects: 2.253567 ms  DeleteObjects: 0.074410 ms)

AssetImportParameters requested are different than current active one (requested -> active):
  custom:video-decoder-ogg-theora: a1e56fd34408186e4bbccfd4996cb3dc -> 
  custom:container-muxer-webm: aa71ff27fc2769a1b78a27578f13a17b -> 
  custom:container-demuxer-webm: 4f35f7cbe854078d1ac9338744f61a02 -> 
  custom:container-demuxer-ogg: 62fdf1f143b41e24485cea50d1cbac27 -> 
  custom:video-encoder-webm-vp8: eb34c28f22e8b96e1ab97ce403110664 -> 
  custom:framework-osx-AVFoundation: e770b220cccbd017edd2c1fefb359320 -> 
  custom:video-decoder-webm-vp8: 9c59270c3fd7afecdb556c50c9e8de78 -> 
  custom:audio-decoder-ogg-vorbis: bf7c407c2cedff20999df2af8eb42d56 -> 
  custom:audio-encoder-webm-vorbis: bf7c407c2cedff20999df2af8eb42d56 -> 
========================================================================
Received Prepare
Registering precompiled user dll's ...
Registered in 0.007627 seconds.
Begin MonoManager ReloadAssembly
Native extension for Lumin target not found
Native extension for OSXStandalone target not found
Refreshing native plugins compatible for Editor in 0.53 ms, found 2 plugins.
Preloading 0 native plugins for Editor in 0.00 ms.
Mono: successfully reloaded assembly
- Completed reload, in  1.450 seconds
Platform modules already initialized, skipping
Refreshing native plugins compatible for Editor in 0.50 ms, found 2 plugins.
Preloading 0 native plugins for Editor in 0.00 ms.
Unloading 1985 Unused Serialized files (Serialized files now loaded: 0)
System memory in use before: 183.3 MB.
System memory in use after: 183.4 MB.

Unloading 21 unused Assets to reduce memory usage. Loaded Objects now: 2483.
Total: 2.363815 ms (FindLiveObjects: 0.327748 ms CreateObjectMapping: 0.107109 ms MarkObjects: 1.862801 ms  DeleteObjects: 0.065316 ms)

AssetImportParameters requested are different than current active one (requested -> active):
  custom:video-decoder-ogg-theora: a1e56fd34408186e4bbccfd4996cb3dc -> 
  custom:container-muxer-webm: aa71ff27fc2769a1b78a27578f13a17b -> 
  custom:container-demuxer-webm: 4f35f7cbe854078d1ac9338744f61a02 -> 
  custom:container-demuxer-ogg: 62fdf1f143b41e24485cea50d1cbac27 -> 
  custom:video-encoder-webm-vp8: eb34c28f22e8b96e1ab97ce403110664 -> 
  custom:framework-osx-AVFoundation: e770b220cccbd017edd2c1fefb359320 -> 
  custom:video-decoder-webm-vp8: 9c59270c3fd7afecdb556c50c9e8de78 -> 
  custom:audio-decoder-ogg-vorbis: bf7c407c2cedff20999df2af8eb42d56 -> 
  custom:audio-encoder-webm-vorbis: bf7c407c2cedff20999df2af8eb42d56 -> 
========================================================================
Received Prepare
Registering precompiled user dll's ...
Registered in 0.009491 seconds.
Begin MonoManager ReloadAssembly
Native extension for Lumin target not found
Native extension for OSXStandalone target not found
Refreshing native plugins compatible for Editor in 0.52 ms, found 2 plugins.
Preloading 0 native plugins for Editor in 0.00 ms.
Mono: successfully reloaded assembly
- Completed reload, in  1.452 seconds
Platform modules already initialized, skipping
Refreshing native plugins compatible for Editor in 0.50 ms, found 2 plugins.
Preloading 0 native plugins for Editor in 0.00 ms.
Unloading 1985 Unused Serialized files (Serialized files now loaded: 0)
System memory in use before: 183.5 MB.
System memory in use after: 183.6 MB.

Unloading 21 unused Assets to reduce memory usage. Loaded Objects now: 2488.
Total: 2.195684 ms (FindLiveObjects: 0.229795 ms CreateObjectMapping: 0.076781 ms MarkObjects: 1.812527 ms  DeleteObjects: 0.061993 ms)

AssetImportParameters requested are different than current active one (requested -> active):
  custom:video-decoder-ogg-theora: a1e56fd34408186e4bbccfd4996cb3dc -> 
  custom:container-muxer-webm: aa71ff27fc2769a1b78a27578f13a17b -> 
  custom:container-demuxer-webm: 4f35f7cbe854078d1ac9338744f61a02 -> 
  custom:container-demuxer-ogg: 62fdf1f143b41e24485cea50d1cbac27 -> 
  custom:video-encoder-webm-vp8: eb34c28f22e8b96e1ab97ce403110664 -> 
  custom:framework-osx-AVFoundation: e770b220cccbd017edd2c1fefb359320 -> 
  custom:video-decoder-webm-vp8: 9c59270c3fd7afecdb556c50c9e8de78 -> 
  custom:audio-decoder-ogg-vorbis: bf7c407c2cedff20999df2af8eb42d56 -> 
  custom:audio-encoder-webm-vorbis: bf7c407c2cedff20999df2af8eb42d56 -> 
========================================================================
Received Prepare
Registering precompiled user dll's ...
Registered in 0.008536 seconds.
Begin MonoManager ReloadAssembly
Native extension for Lumin target not found
Native extension for OSXStandalone target not found
Refreshing native plugins compatible for Editor in 0.49 ms, found 2 plugins.
Preloading 0 native plugins for Editor in 0.00 ms.
Mono: successfully reloaded assembly
- Completed reload, in  1.314 seconds
Platform modules already initialized, skipping
Refreshing native plugins compatible for Editor in 0.46 ms, found 2 plugins.
Preloading 0 native plugins for Editor in 0.00 ms.
Unloading 1985 Unused Serialized files (Serialized files now loaded: 0)
System memory in use before: 183.7 MB.
System memory in use after: 183.8 MB.

Unloading 21 unused Assets to reduce memory usage. Loaded Objects now: 2493.
Total: 2.209609 ms (FindLiveObjects: 0.263767 ms CreateObjectMapping: 0.086529 ms MarkObjects: 1.798816 ms  DeleteObjects: 0.059675 ms)

AssetImportParameters requested are different than current active one (requested -> active):
  custom:video-decoder-ogg-theora: a1e56fd34408186e4bbccfd4996cb3dc -> 
  custom:container-muxer-webm: aa71ff27fc2769a1b78a27578f13a17b -> 
  custom:container-demuxer-webm: 4f35f7cbe854078d1ac9338744f61a02 -> 
  custom:container-demuxer-ogg: 62fdf1f143b41e24485cea50d1cbac27 -> 
  custom:video-encoder-webm-vp8: eb34c28f22e8b96e1ab97ce403110664 -> 
  custom:framework-osx-AVFoundation: e770b220cccbd017edd2c1fefb359320 -> 
  custom:video-decoder-webm-vp8: 9c59270c3fd7afecdb556c50c9e8de78 -> 
  custom:audio-decoder-ogg-vorbis: bf7c407c2cedff20999df2af8eb42d56 -> 
  custom:audio-encoder-webm-vorbis: bf7c407c2cedff20999df2af8eb42d56 -> 
========================================================================
Received Import Request.
  Time since last request: 499.908303 seconds.
  path: Assets/Resources/ClientPrefab.prefab
  artifactKey: Guid(382b0306863164ae69f53d168117a1fd) Importer(815301076,1909f56bfc062723c751e8b465ee728b)
Start importing Assets/Resources/ClientPrefab.prefab using Guid(382b0306863164ae69f53d168117a1fd) Importer(815301076,1909f56bfc062723c751e8b465ee728b)  -> (artifact id: 'db34ed9f133fdf8cc89e889eda23ddd5') in 0.035062 seconds 
  Import took 0.039216 seconds .

========================================================================
Received Import Request.
  Time since last request: 7.013376 seconds.
  path: Assets/Resources/ClientPrefab.prefab
  artifactKey: Guid(382b0306863164ae69f53d168117a1fd) Importer(815301076,1909f56bfc062723c751e8b465ee728b)
Start importing Assets/Resources/ClientPrefab.prefab using Guid(382b0306863164ae69f53d168117a1fd) Importer(815301076,1909f56bfc062723c751e8b465ee728b)  -> (artifact id: '50f1665fbce9592eea4b45948c177090') in 0.062856 seconds 
  Import took 0.066995 seconds .

========================================================================
Received Import Request.
  Time since last request: 8.254394 seconds.
  path: Assets/Resources/ClientPrefab.prefab
  artifactKey: Guid(382b0306863164ae69f53d168117a1fd) Importer(815301076,1909f56bfc062723c751e8b465ee728b)
Start importing Assets/Resources/ClientPrefab.prefab using Guid(382b0306863164ae69f53d168117a1fd) Importer(815301076,1909f56bfc062723c751e8b465ee728b)  -> (artifact id: 'd5222f09c5bea5945f14b513ba2fa357') in 0.015326 seconds 
  Import took 0.019556 seconds .

========================================================================
Received Import Request.
  Time since last request: 48.808808 seconds.
  path: Assets/Resources/ClientPrefab.prefab
  artifactKey: Guid(382b0306863164ae69f53d168117a1fd) Importer(815301076,1909f56bfc062723c751e8b465ee728b)
Start importing Assets/Resources/ClientPrefab.prefab using Guid(382b0306863164ae69f53d168117a1fd) Importer(815301076,1909f56bfc062723c751e8b465ee728b)  -> (artifact id: 'd109e542df27bee4956a614beb1c9b33') in 0.014522 seconds 
  Import took 0.019327 seconds .

========================================================================
Received Import Request.
  Time since last request: 495.819204 seconds.
  path: Assets/Resources/ClientPrefab.prefab
  artifactKey: Guid(382b0306863164ae69f53d168117a1fd) Importer(815301076,1909f56bfc062723c751e8b465ee728b)
Start importing Assets/Resources/ClientPrefab.prefab using Guid(382b0306863164ae69f53d168117a1fd) Importer(815301076,1909f56bfc062723c751e8b465ee728b)  -> (artifact id: '0fba1d70a75a4e1b781a2445e868f068') in 0.014434 seconds 
  Import took 0.018530 seconds .

========================================================================
Received Import Request.
  Time since last request: 9.915576 seconds.
  path: Assets/Resources/ClientPrefab.prefab
  artifactKey: Guid(382b0306863164ae69f53d168117a1fd) Importer(815301076,1909f56bfc062723c751e8b465ee728b)
Start importing Assets/Resources/ClientPrefab.prefab using Guid(382b0306863164ae69f53d168117a1fd) Importer(815301076,1909f56bfc062723c751e8b465ee728b)  -> (artifact id: '06309e94d88cf40b3c1ed1c2d43b56f6') in 0.012815 seconds 
  Import took 0.017364 seconds .

========================================================================
Received Import Request.
  Time since last request: 6631.366046 seconds.
  path: Assets/Photon/PhotonUnityNetworking/Demos/PhotonUnityNetworking.Demos.asmdef
  artifactKey: Guid(35cc2632df2760540bcc67312740008b) Importer(815301076,1909f56bfc062723c751e8b465ee728b)
Start importing Assets/Photon/PhotonUnityNetworking/Demos/PhotonUnityNetworking.Demos.asmdef using Guid(35cc2632df2760540bcc67312740008b) Importer(815301076,1909f56bfc062723c751e8b465ee728b)  -> (artifact id: 'c39c90c9a45edae63be0e1cccf032d39') in 0.351240 seconds 
  Import took 0.508102 seconds .

========================================================================
Received Import Request.
  Time since last request: 412.857867 seconds.
  path: Assets/Scripts/NetworkPosition.cs
  artifactKey: Guid(5279104407729453dbecb1b24dbe70bc) Importer(815301076,1909f56bfc062723c751e8b465ee728b)
Start importing Assets/Scripts/NetworkPosition.cs using Guid(5279104407729453dbecb1b24dbe70bc) Importer(815301076,1909f56bfc062723c751e8b465ee728b)  -> (artifact id: 'fd8004ac41f55256644510925c6009c0') in 0.023637 seconds 
  Import took 0.027967 seconds .

========================================================================
Received Prepare
Registering precompiled user dll's ...
Registered in 0.010944 seconds.
Begin MonoManager ReloadAssembly
Native extension for Lumin target not found
Native extension for OSXStandalone target not found
Refreshing native plugins compatible for Editor in 0.65 ms, found 2 plugins.
Preloading 0 native plugins for Editor in 0.00 ms.
Mono: successfully reloaded assembly
- Completed reload, in  3.527 seconds
Platform modules already initialized, skipping
Refreshing native plugins compatible for Editor in 1.20 ms, found 2 plugins.
Preloading 0 native plugins for Editor in 0.00 ms.
Unloading 1986 Unused Serialized files (Serialized files now loaded: 0)
System memory in use before: 188.3 MB.
System memory in use after: 188.4 MB.

Unloading 22 unused Assets to reduce memory usage. Loaded Objects now: 2500.
Total: 4.588590 ms (FindLiveObjects: 0.509889 ms CreateObjectMapping: 0.217398 ms MarkObjects: 3.735160 ms  DeleteObjects: 0.124280 ms)

AssetImportParameters requested are different than current active one (requested -> active):
  custom:video-decoder-ogg-theora: a1e56fd34408186e4bbccfd4996cb3dc -> 
  custom:container-muxer-webm: aa71ff27fc2769a1b78a27578f13a17b -> 
  custom:container-demuxer-webm: 4f35f7cbe854078d1ac9338744f61a02 -> 
  custom:container-demuxer-ogg: 62fdf1f143b41e24485cea50d1cbac27 -> 
  custom:video-encoder-webm-vp8: eb34c28f22e8b96e1ab97ce403110664 -> 
  custom:framework-osx-AVFoundation: e770b220cccbd017edd2c1fefb359320 -> 
  custom:video-decoder-webm-vp8: 9c59270c3fd7afecdb556c50c9e8de78 -> 
  custom:audio-decoder-ogg-vorbis: bf7c407c2cedff20999df2af8eb42d56 -> 
  custom:audio-encoder-webm-vorbis: bf7c407c2cedff20999df2af8eb42d56 -> 
========================================================================
Received Prepare
Registering precompiled user dll's ...
Registered in 0.008526 seconds.
Begin MonoManager ReloadAssembly
Native extension for Lumin target not found
Native extension for OSXStandalone target not found
Refreshing native plugins compatible for Editor in 0.75 ms, found 2 plugins.
Preloading 0 native plugins for Editor in 0.00 ms.
Mono: successfully reloaded assembly
- Completed reload, in  1.501 seconds
Platform modules already initialized, skipping
Refreshing native plugins compatible for Editor in 0.47 ms, found 2 plugins.
Preloading 0 native plugins for Editor in 0.00 ms.
Unloading 1986 Unused Serialized files (Serialized files now loaded: 0)
System memory in use before: 188.7 MB.
System memory in use after: 188.8 MB.

Unloading 21 unused Assets to reduce memory usage. Loaded Objects now: 2505.
Total: 2.656994 ms (FindLiveObjects: 0.213609 ms CreateObjectMapping: 0.144577 ms MarkObjects: 2.164545 ms  DeleteObjects: 0.133407 ms)

AssetImportParameters requested are different than current active one (requested -> active):
  custom:video-decoder-ogg-theora: a1e56fd34408186e4bbccfd4996cb3dc -> 
  custom:container-muxer-webm: aa71ff27fc2769a1b78a27578f13a17b -> 
  custom:container-demuxer-webm: 4f35f7cbe854078d1ac9338744f61a02 -> 
  custom:container-demuxer-ogg: 62fdf1f143b41e24485cea50d1cbac27 -> 
  custom:video-encoder-webm-vp8: eb34c28f22e8b96e1ab97ce403110664 -> 
  custom:framework-osx-AVFoundation: e770b220cccbd017edd2c1fefb359320 -> 
  custom:video-decoder-webm-vp8: 9c59270c3fd7afecdb556c50c9e8de78 -> 
  custom:audio-decoder-ogg-vorbis: bf7c407c2cedff20999df2af8eb42d56 -> 
  custom:audio-encoder-webm-vorbis: bf7c407c2cedff20999df2af8eb42d56 -> 
========================================================================
Received Import Request.
  Time since last request: 3429.957859 seconds.
  path: Assets/Scripts/NetworkPosition.cs
  artifactKey: Guid(5279104407729453dbecb1b24dbe70bc) Importer(815301076,1909f56bfc062723c751e8b465ee728b)
Start importing Assets/Scripts/NetworkPosition.cs using Guid(5279104407729453dbecb1b24dbe70bc) Importer(815301076,1909f56bfc062723c751e8b465ee728b)  -> (artifact id: '88b5434c127ab5a8c561cbac4c8b3fc4') in 0.008466 seconds 
  Import took 0.012355 seconds .

========================================================================
Received Import Request.
  Time since last request: 203.752023 seconds.
  path: Assets/Scripts
  artifactKey: Guid(b666baed459d54f73ab70478a0668cb9) Importer(815301076,1909f56bfc062723c751e8b465ee728b)
Start importing Assets/Scripts using Guid(b666baed459d54f73ab70478a0668cb9) Importer(815301076,1909f56bfc062723c751e8b465ee728b)  -> (artifact id: '8291e1ff3dccb925eb19dcb33ec4ce28') in 0.002508 seconds 
  Import took 0.006830 seconds .

========================================================================
Received Import Request.
  Time since last request: 10.573369 seconds.
  path: Assets/Scripts/ReferenceImageLibrary.asset
  artifactKey: Guid(7f57995b3c57348ae8354135af13899d) Importer(815301076,1909f56bfc062723c751e8b465ee728b)
Start importing Assets/Scripts/ReferenceImageLibrary.asset using Guid(7f57995b3c57348ae8354135af13899d) Importer(815301076,1909f56bfc062723c751e8b465ee728b)  -> (artifact id: '71d503c76017c727769d3cd1b037bac4') in 0.074456 seconds 
  Import took 0.078292 seconds .

========================================================================
Received Import Request.
  Time since last request: 58.737983 seconds.
  path: Assets/Scripts/TrackedImages
  artifactKey: Guid(e3743486739284e5d82bb0cff75d3e45) Importer(815301076,1909f56bfc062723c751e8b465ee728b)
Start importing Assets/Scripts/TrackedImages using Guid(e3743486739284e5d82bb0cff75d3e45) Importer(815301076,1909f56bfc062723c751e8b465ee728b)  -> (artifact id: '56be0b576a8832c360d36e8946f8938d') in 0.003038 seconds 
  Import took 0.007847 seconds .

========================================================================
Received Import Request.
  Time since last request: 174.516943 seconds.
  path: Assets/Scripts/TrackedImages/qrcode.png
  artifactKey: Guid(58b3d18e5daaa4680b254bdaa3864986) Importer(815301076,1909f56bfc062723c751e8b465ee728b)
Start importing Assets/Scripts/TrackedImages/qrcode.png using Guid(58b3d18e5daaa4680b254bdaa3864986) Importer(815301076,1909f56bfc062723c751e8b465ee728b)  -> (artifact id: '1c7a3ae567fccd16d4938c3cba79750b') in 1.267331 seconds 
  Import took 1.273292 seconds .

========================================================================
Received Import Request.
  Time since last request: 109.186241 seconds.
  path: Assets/Scripts/TrackedImages/ReferenceImageLibrary.asset
  artifactKey: Guid(7f57995b3c57348ae8354135af13899d) Importer(815301076,1909f56bfc062723c751e8b465ee728b)
Start importing Assets/Scripts/TrackedImages/ReferenceImageLibrary.asset using Guid(7f57995b3c57348ae8354135af13899d) Importer(815301076,1909f56bfc062723c751e8b465ee728b)  -> (artifact id: '6d9a213a6b179598c75ca3ab6019b502') in 0.017018 seconds 
  Import took 0.021469 seconds .

